0 info it worked if it ends with ok
1 verbose cli [ 'C:\\Program Files\\nodejs\\node.exe',
1 verbose cli   'C:\\Program Files\\nodejs\\node_modules\\npm\\bin\\npm-cli.js',
1 verbose cli   'repo',
1 verbose cli   'sp-scaffold' ]
2 info using npm@2.15.9
3 info using node@v4.6.1
4 silly mapToRegistry name sp-scaffold
5 silly mapToRegistry using default registry
6 silly mapToRegistry registry https://registry.npmjs.org/
7 silly mapToRegistry data Result {
7 silly mapToRegistry   raw: 'sp-scaffold',
7 silly mapToRegistry   scope: null,
7 silly mapToRegistry   name: 'sp-scaffold',
7 silly mapToRegistry   rawSpec: '',
7 silly mapToRegistry   spec: 'latest',
7 silly mapToRegistry   type: 'tag' }
8 silly mapToRegistry uri https://registry.npmjs.org/sp-scaffold
9 verbose request uri https://registry.npmjs.org/sp-scaffold/latest
10 verbose request no auth needed
11 info attempt registry request try #1 at 2:16:26 AM
12 verbose request id 5ec056bac68f4604
13 http request GET https://registry.npmjs.org/sp-scaffold/latest
14 http 404 https://registry.npmjs.org/sp-scaffold/latest
15 verbose headers { server: 'CouchDB/1.6.1 (Erlang OTP/R16B03)',
15 verbose headers   etag: '"3GUI3VSPMTAREHR5K4I7LBH2A"',
15 verbose headers   'content-type': 'application/json',
15 verbose headers   'cache-control': 'max-age=0',
15 verbose headers   'content-length': '401',
15 verbose headers   'accept-ranges': 'bytes',
15 verbose headers   date: 'Sat, 29 Oct 2016 06:16:28 GMT',
15 verbose headers   via: '1.1 varnish',
15 verbose headers   age: '0',
15 verbose headers   connection: 'keep-alive',
15 verbose headers   'x-served-by': 'cache-iad2638-IAD',
15 verbose headers   'x-cache': 'MISS',
15 verbose headers   'x-cache-hits': '0',
15 verbose headers   'x-timer': 'S1477721788.073368,VS0,VE61',
15 verbose headers   vary: 'Accept' }
16 silly get cb [ 404,
16 silly get   { server: 'CouchDB/1.6.1 (Erlang OTP/R16B03)',
16 silly get     etag: '"3GUI3VSPMTAREHR5K4I7LBH2A"',
16 silly get     'content-type': 'application/json',
16 silly get     'cache-control': 'max-age=0',
16 silly get     'content-length': '401',
16 silly get     'accept-ranges': 'bytes',
16 silly get     date: 'Sat, 29 Oct 2016 06:16:28 GMT',
16 silly get     via: '1.1 varnish',
16 silly get     age: '0',
16 silly get     connection: 'keep-alive',
16 silly get     'x-served-by': 'cache-iad2638-IAD',
16 silly get     'x-cache': 'MISS',
16 silly get     'x-cache-hits': '0',
16 silly get     'x-timer': 'S1477721788.073368,VS0,VE61',
16 silly get     vary: 'Accept' } ]
17 verbose stack Error: Registry returned 404 for GET on https://registry.npmjs.org/sp-scaffold/latest
17 verbose stack     at makeError (C:\Program Files\nodejs\node_modules\npm\node_modules\npm-registry-client\lib\request.js:264:12)
17 verbose stack     at CachingRegistryClient.<anonymous> (C:\Program Files\nodejs\node_modules\npm\node_modules\npm-registry-client\lib\request.js:242:14)
17 verbose stack     at Request._callback (C:\Program Files\nodejs\node_modules\npm\node_modules\npm-registry-client\lib\request.js:172:14)
17 verbose stack     at Request.self.callback (C:\Program Files\nodejs\node_modules\npm\node_modules\request\request.js:200:22)
17 verbose stack     at emitTwo (events.js:87:13)
17 verbose stack     at Request.emit (events.js:172:7)
17 verbose stack     at Request.<anonymous> (C:\Program Files\nodejs\node_modules\npm\node_modules\request\request.js:1067:10)
17 verbose stack     at emitOne (events.js:82:20)
17 verbose stack     at Request.emit (events.js:169:7)
17 verbose stack     at IncomingMessage.<anonymous> (C:\Program Files\nodejs\node_modules\npm\node_modules\request\request.js:988:12)
18 verbose statusCode 404
19 verbose pkgid sp-scaffold
20 verbose cwd D:\Storage\ModernSP\scaffolding
21 error Windows_NT 10.0.14393
22 error argv "C:\\Program Files\\nodejs\\node.exe" "C:\\Program Files\\nodejs\\node_modules\\npm\\bin\\npm-cli.js" "repo" "sp-scaffold"
23 error node v4.6.1
24 error npm  v2.15.9
25 error code E404
26 error 404 Registry returned 404 for GET on https://registry.npmjs.org/sp-scaffold/latest
26 error 404
26 error 404 'sp-scaffold' is not in the npm registry.
26 error 404 You should bug the author to publish it (or use the name yourself!)
26 error 404
26 error 404 Note that you can also install from a
26 error 404 tarball, folder, http url, or git url.
27 verbose exit [ 1, true ]
